<?xml version="1.0" encoding="UTF-8"?>
<!-- Generated by org.testng.reporters.JUnitReportReporter -->
<testsuite hostname="LAPTOP-2RQ24QEP" failures="0" tests="2" name="Ronak_Vala.tests.SubmitOrderTest" time="16.007" errors="0" timestamp="06 Sept 2023 06:21:07 GMT" skipped="0">
  <testcase classname="Ronak_Vala.tests.SubmitOrderTest" name="SubmitOrder" time="6.567"/>
  <testcase classname="Ronak_Vala.tests.SubmitOrderTest" name="SubmitOrder" time="9.440"/>
</testsuite> <!-- Ronak_Vala.tests.SubmitOrderTest -->
