<?xml version="1.0" encoding="UTF-8"?>
<!-- Generated by org.testng.reporters.JUnitReportReporter -->
<testsuite hostname="LAPTOP-2RQ24QEP" failures="0" tests="1" name="Ronak_Vala.tests.ErrorValidation" time="4.273" errors="0" timestamp="05 Sept 2023 10:10:36 GMT" skipped="0">
  <testcase classname="Ronak_Vala.tests.ErrorValidation" name="SubmitOrder" time="4.273"/>
</testsuite> <!-- Ronak_Vala.tests.ErrorValidation -->
